<?xml version="1.0" ?>
<testsuite errors="1" failures="0" name="CheckOpiFormat-20171122173028" tests="14" time="0.000">
	<testcase classname="CheckOpiFormat" name="test_GIVEN_a_LED_THEN_it_is_within_a_grouping_container" time="0.000"/>
	<testcase classname="CheckOpiFormat" name="test_GIVEN_a_TextInput_THEN_it_is_within_a_grouping_container" time="0.000"/>
	<testcase classname="CheckOpiFormat" name="test_GIVEN_a_combo_THEN_it_is_within_a_grouping_container" time="0.000"/>
	<testcase classname="CheckOpiFormat" name="test_GIVEN_a_label_THEN_it_has_correct_font" time="0.000"/>
	<testcase classname="CheckOpiFormat" name="test_GIVEN_a_label_outside_a_grouping_container_THEN_it_is_title_case" time="0.000"/>
	<testcase classname="CheckOpiFormat" name="test_GIVEN_a_label_within_a_grouping_container_THEN_it_is_sentence_case" time="0.000"/>
	<testcase classname="CheckOpiFormat" name="test_GIVEN_a_push_button_THEN_it_is_within_a_grouping_container" time="0.000"/>
	<testcase classname="CheckOpiFormat" name="test_GIVEN_an_opi_file_with_grouping_containers_WHEN_checking_the_background_colour_THEN_it_is_the_isis_background" time="0.000"/>
	<testcase classname="CheckOpiFormat" name="test_GIVEN_an_opi_file_with_labels_WHEN_checking_the_background_colour_THEN_it_is_the_isis_background" time="0.000"/>
	<testcase classname="CheckOpiFormat" name="test_GIVEN_an_opi_file_with_led_WHEN_checking_off_colour_THEN_it_is_the_isis_led_off_colour" time="0.000"/>
	<testcase classname="CheckOpiFormat" name="test_GIVEN_an_opi_file_with_led_WHEN_checking_on_colour_THEN_it_is_the_isis_led_on_colour" time="0.000"/>
	<testcase classname="CheckOpiFormat" name="test_GIVEN_an_opi_file_with_textbox_WHEN_checking_background_colour_THEN_it_is_the_isis_textbox_background" time="0.000"/>
	<testcase classname="CheckOpiFormat" name="test_GIVEN_an_opi_file_with_textbox_WHEN_checking_foreground_colour_THEN_it_is_the_isis_textbox_foreground" time="0.000"/>
	<testcase classname="CheckOpiFormat" name="test_GIVEN_a_label_THEN_it_ends_in_a_colon" time="0.000">
		<error message="Label on line 610 with text 'Setpoint' did not end in a colon.
Label on line 651 with text 'Actual' did not end in a colon." type="AssertionError">
<![CDATA[Traceback (most recent call last):
  File "check_opi_format.py", line 200, in test_GIVEN_a_label_THEN_it_ends_in_a_colon
    self.fail(message)
AssertionError: Label on line 610 with text 'Setpoint' did not end in a colon.
Label on line 651 with text 'Actual' did not end in a colon.
]]>		</error>
	</testcase>
	<system-out>
<![CDATA[]]>	</system-out>
	<system-err>
<![CDATA[]]>	</system-err>
</testsuite>
