<?xml version="1.0" ?>
<testsuite errors="1" failures="0" name="CheckOpiFormat-20171122171638" tests="13" time="0.000">
	<testcase classname="CheckOpiFormat" name="test_GIVEN_a_LED_THEN_it_is_within_a_grouping_container" time="0.000"/>
	<testcase classname="CheckOpiFormat" name="test_GIVEN_a_combo_THEN_it_is_within_a_grouping_container" time="0.000"/>
	<testcase classname="CheckOpiFormat" name="test_GIVEN_a_label_THEN_it_ends_in_a_colon" time="0.000"/>
	<testcase classname="CheckOpiFormat" name="test_GIVEN_a_label_outside_a_grouping_container_THEN_it_is_title_case" time="0.000"/>
	<testcase classname="CheckOpiFormat" name="test_GIVEN_a_label_within_a_grouping_container_THEN_it_is_sentence_case" time="0.000"/>
	<testcase classname="CheckOpiFormat" name="test_GIVEN_a_push_button_THEN_it_is_within_a_grouping_container" time="0.000"/>
	<testcase classname="CheckOpiFormat" name="test_GIVEN_an_opi_file_with_grouping_containers_WHEN_checking_the_background_colour_THEN_it_is_the_isis_background" time="0.000"/>
	<testcase classname="CheckOpiFormat" name="test_GIVEN_an_opi_file_with_labels_WHEN_checking_the_background_colour_THEN_it_is_the_isis_background" time="0.000"/>
	<testcase classname="CheckOpiFormat" name="test_GIVEN_an_opi_file_with_led_WHEN_checking_off_colour_THEN_it_is_the_isis_led_off_colour" time="0.000"/>
	<testcase classname="CheckOpiFormat" name="test_GIVEN_an_opi_file_with_led_WHEN_checking_on_colour_THEN_it_is_the_isis_led_on_colour" time="0.000"/>
	<testcase classname="CheckOpiFormat" name="test_GIVEN_an_opi_file_with_textbox_WHEN_checking_background_colour_THEN_it_is_the_isis_textbox_background" time="0.000"/>
	<testcase classname="CheckOpiFormat" name="test_GIVEN_an_opi_file_with_textbox_WHEN_checking_foreground_colour_THEN_it_is_the_isis_textbox_foreground" time="0.000"/>
	<testcase classname="CheckOpiFormat" name="test_GIVEN_a_TextInput_THEN_it_is_within_a_grouping_container" time="0.000">
		<error message="TextInput on line 301 (None) was not in a grouping container
TextInput on line 449 (None) was not in a grouping container" type="AssertionError">
<![CDATA[Traceback (most recent call last):
  File "check_opi_format.py", line 257, in test_GIVEN_a_TextInput_THEN_it_is_within_a_grouping_container
    self._assert_widget_not_outside_container("TextInput")
  File "check_opi_format.py", line 245, in _assert_widget_not_outside_container
    self.fail(message)
AssertionError: TextInput on line 301 (None) was not in a grouping container
TextInput on line 449 (None) was not in a grouping container
]]>		</error>
	</testcase>
	<system-out>
<![CDATA[]]>	</system-out>
	<system-err>
<![CDATA[]]>	</system-err>
</testsuite>
